<?xml version="1.0" encoding="UTF-8"?>
<!-- Generated by org.testng.reporters.JUnitXMLReporter -->
<testsuite hostname="ASDW0135" ignored="0" name="Default test" tests="2" failures="0" timestamp="12 Sep 2018 13:03:18 GMT" time="2.122" errors="0">
  <testcase name="Test_01_testGetAndPrintAllData" time="1.448" classname="com.practise.tests.TestGoogleSheetsRead"/>
  <testcase name="Test_02_testWriteTheDataIntoFile" time="0.626" classname="com.practise.tests.TestGoogleSheetsRead"/>
</testsuite> <!-- Default test -->
