<?xml version="1.0" encoding="UTF-8"?>
<testng-results skipped="0" failed="0" ignored="0" total="2" passed="2">
  <reporter-output>
  </reporter-output>
  <suite name="Default suite" duration-ms="2122" started-at="2018-09-12T13:03:16Z" finished-at="2018-09-12T13:03:18Z">
    <groups>
    </groups>
    <test name="Default test" duration-ms="2122" started-at="2018-09-12T13:03:16Z" finished-at="2018-09-12T13:03:18Z">
      <class name="com.practise.tests.TestGoogleSheetsRead">
        <test-method status="PASS" signature="setUp()[pri:0, instance:com.practise.tests.TestGoogleSheetsRead@523884b2]" name="setUp" is-config="true" duration-ms="16" started-at="2018-09-12T13:03:16Z" finished-at="2018-09-12T13:03:16Z">
          <reporter-output>
          </reporter-output>
        </test-method> <!-- setUp -->
        <test-method status="PASS" signature="Test_01_testGetAndPrintAllData()[pri:0, instance:com.practise.tests.TestGoogleSheetsRead@523884b2]" name="Test_01_testGetAndPrintAllData" duration-ms="1448" started-at="2018-09-12T13:03:16Z" finished-at="2018-09-12T13:03:17Z">
          <reporter-output>
          </reporter-output>
        </test-method> <!-- Test_01_testGetAndPrintAllData -->
        <test-method status="PASS" signature="Test_02_testWriteTheDataIntoFile()[pri:0, instance:com.practise.tests.TestGoogleSheetsRead@523884b2]" name="Test_02_testWriteTheDataIntoFile" duration-ms="626" started-at="2018-09-12T13:03:17Z" finished-at="2018-09-12T13:03:18Z">
          <reporter-output>
          </reporter-output>
        </test-method> <!-- Test_02_testWriteTheDataIntoFile -->
      </class> <!-- com.practise.tests.TestGoogleSheetsRead -->
    </test> <!-- Default test -->
  </suite> <!-- Default suite -->
</testng-results>
